<?xml version="1.0" encoding="UTF-8"?>
<!-- Generated by org.testng.reporters.JUnitReportReporter -->
<testsuite skipped="0" hostname="PAS-SJUNAID-L3" name="baseTest.BaseTest" tests="1" failures="0" timestamp="2020-08-13T14:21:32 PDT" time="0.006" errors="0">
  <testcase name="testutil" time="0.006" classname="baseTest.BaseTest"/>
  <system-out/>
</testsuite> <!-- baseTest.BaseTest -->
