<?xml version="1.0" encoding="UTF-8"?>
<!-- Generated by org.testng.reporters.JUnitReportReporter -->
<testsuite skipped="0" hostname="PAS-SJUNAID-L3" name="studentApiTest.GetAPITest" tests="1" failures="0" timestamp="2020-08-21T09:55:31 PDT" time="0.978" errors="0">
  <testcase name="getAPITest" time="0.978" classname="studentApiTest.GetAPITest"/>
  <system-out/>
</testsuite> <!-- studentApiTest.GetAPITest -->
